{"/home/pantelist/bpp/my-node-app/app.js": {"path":"/home/pantelist/bpp/my-node-app/app.js","statementMap":{"0":{"start":{"line":1,"column":16},"end":{"line":1,"column":34}},"1":{"start":{"line":2,"column":12},"end":{"line":2,"column":21}},"2":{"start":{"line":3,"column":13},"end":{"line":3,"column":17}},"3":{"start":{"line":5,"column":0},"end":{"line":49,"column":5}},"4":{"start":{"line":6,"column":4},"end":{"line":48,"column":7}},"5":{"start":{"line":52,"column":0},"end":{"line":55,"column":3}},"6":{"start":{"line":53,"column":4},"end":{"line":53,"column":21}},"7":{"start":{"line":54,"column":4},"end":{"line":54,"column":59}},"8":{"start":{"line":58,"column":2},"end":{"line":58,"column":23}}},"fnMap":{"0":{"name":"(anonymous_0)","decl":{"start":{"line":5,"column":13},"end":{"line":5,"column":14}},"loc":{"start":{"line":5,"column":27},"end":{"line":49,"column":3}},"line":5}},"branchMap":{"0":{"loc":{"start":{"line":52,"column":0},"end":{"line":55,"column":3}},"type":"if","locations":[{"start":{"line":52,"column":0},"end":{"line":55,"column":3}},{"start":{},"end":{}}],"line":52}},"s":{"0":2,"1":2,"2":2,"3":2,"4":4,"5":2,"6":0,"7":0,"8":2},"f":{"0":4},"b":{"0":[0,2]},"_coverageSchema":"1a1c01bbd47fc00a2c39e90264f33305004495a9","hash":"d7b07b0973ae0a47c75095d11100bc8b98410ba2"}
}
